# JRE version: OpenJDK Runtime Environment Temurin-17.0.17+10 (17.0.17+10) (build 17.0.17+10)
# Java VM: OpenJDK 64-Bit Server VM Temurin-17.0.17+10 (17.0.17+10, mixed mode, emulated-client, sharing, tiered, compressed oops, compressed class ptrs, g1 gc, windows-amd64)
GC Precious Log:
 CPUs: 4 total, 4 available
 Memory: 8097M
 Large Page Support: Disabled
 NUMA Support: Disabled
 Compressed Oops: Enabled (32-bit)
 Heap Region Size: 1M
 Heap Min Capacity: 8M
 Heap Initial Capacity: 128M
 Heap Max Capacity: 2026M
 Pre-touch: Disabled
 Parallel Workers: 4
 Concurrent Workers: 1
 Concurrent Refinement Workers: 4
 Periodic GC: Disabled
Heap:
 garbage-first heap   total 86016K, used 70308K [0x0000000081600000, 0x0000000100000000)
  region size 1024K, 36 young (36864K), 1 survivors (1024K)
 Metaspace       used 75841K, committed 76800K, reserved 1179648K
  class space    used 11041K, committed 11456K, reserved 1048576K
GC Heap History (20 events):
Event: 8.134 GC heap after
{Heap after GC invocations=11 (full 0):
 garbage-first heap   total 88064K, used 22545K [0x0000000081600000, 0x0000000100000000)
  region size 1024K, 3 young (3072K), 3 survivors (3072K)
 Metaspace       used 35663K, committed 36160K, reserved 1114112K
  class space    used 5020K, committed 5248K, reserved 1048576K
}
Event: 9.452 GC heap before
{Heap before GC invocations=12 (full 0):
 garbage-first heap   total 86016K, used 67601K [0x0000000081600000, 0x0000000100000000)
  region size 1024K, 47 young (48128K), 3 survivors (3072K)
 Metaspace       used 44337K, committed 44864K, reserved 1114112K
  class space    used 6498K, committed 6784K, reserved 1048576K
}
Event: 9.464 GC heap after
{Heap after GC invocations=13 (full 0):
 garbage-first heap   total 86016K, used 25291K [0x0000000081600000, 0x0000000100000000)
  region size 1024K, 6 young (6144K), 6 survivors (6144K)
 Metaspace       used 44337K, committed 44864K, reserved 1114112K
  class space    used 6498K, committed 6784K, reserved 1048576K
}
Event: 11.202 GC heap before
{Heap before GC invocations=14 (full 0):
 garbage-first heap   total 86016K, used 66251K [0x0000000081600000, 0x0000000100000000)
  region size 1024K, 46 young (47104K), 6 survivors (6144K)
 Metaspace       used 55085K, committed 55616K, reserved 1114112K
  class space    used 7890K, committed 8128K, reserved 1048576K
}
Event: 11.221 GC heap after
{Heap after GC invocations=15 (full 0):
 garbage-first heap   total 86016K, used 28419K [0x0000000081600000, 0x0000000100000000)
  region size 1024K, 6 young (6144K), 6 survivors (6144K)
 Metaspace       used 55085K, committed 55616K, reserved 1114112K
  class space    used 7890K, committed 8128K, reserved 1048576K
}
Event: 12.789 GC heap before
{Heap before GC invocations=15 (full 0):
 garbage-first heap   total 86016K, used 65283K [0x0000000081600000, 0x0000000100000000)
  region size 1024K, 43 young (44032K), 6 survivors (6144K)
 Metaspace       used 61864K, committed 62400K, reserved 1114112K
  class space    used 8981K, committed 9216K, reserved 1048576K
}
Event: 12.800 GC heap after
{Heap after GC invocations=16 (full 0):
 garbage-first heap   total 86016K, used 29273K [0x0000000081600000, 0x0000000100000000)
  region size 1024K, 4 young (4096K), 4 survivors (4096K)
 Metaspace       used 61864K, committed 62400K, reserved 1114112K
  class space    used 8981K, committed 9216K, reserved 1048576K
}
Event: 14.204 GC heap before
{Heap before GC invocations=16 (full 0):
 garbage-first heap   total 86016K, used 68185K [0x0000000081600000, 0x0000000100000000)
  region size 1024K, 42 young (43008K), 4 survivors (4096K)
 Metaspace       used 69400K, committed 70016K, reserved 1114112K
  class space    used 10064K, committed 10368K, reserved 1048576K
}
Event: 14.217 GC heap after
{Heap after GC invocations=17 (full 0):
 garbage-first heap   total 86016K, used 32240K [0x0000000081600000, 0x0000000100000000)
  region size 1024K, 4 young (4096K), 4 survivors (4096K)
 Metaspace       used 69400K, committed 70016K, reserved 1114112K
  class space    used 10064K, committed 10368K, reserved 1048576K
}
Event: 15.281 GC heap before
{Heap before GC invocations=17 (full 0):
 garbage-first heap   total 86016K, used 68080K [0x0000000081600000, 0x0000000100000000)
  region size 1024K, 39 young (39936K), 4 survivors (4096K)
 Metaspace       used 72953K, committed 73536K, reserved 1114112K
  class space    used 10594K, committed 10880K, reserved 1048576K
}
Event: 15.296 GC heap after
{Heap after GC invocations=18 (full 0):
 garbage-first heap   total 86016K, used 34528K [0x0000000081600000, 0x0000000100000000)
  region size 1024K, 5 young (5120K), 5 survivors (5120K)
 Metaspace       used 72953K, committed 73536K, reserved 1114112K
  class space    used 10594K, committed 10880K, reserved 1048576K
}
Event: 15.777 GC heap before
{Heap before GC invocations=18 (full 0):
 garbage-first heap   total 86016K, used 48864K [0x0000000081600000, 0x0000000100000000)
  region size 1024K, 20 young (20480K), 5 survivors (5120K)
 Metaspace       used 74846K, committed 75456K, reserved 1114112K
  class space    used 10871K, committed 11200K, reserved 1048576K
}
Event: 15.789 GC heap after
{Heap after GC invocations=19 (full 0):
 garbage-first heap   total 86016K, used 36019K [0x0000000081600000, 0x0000000100000000)
  region size 1024K, 4 young (4096K), 4 survivors (4096K)
 Metaspace       used 74846K, committed 75456K, reserved 1114112K
  class space    used 10871K, committed 11200K, reserved 1048576K
}
Event: 318.467 GC heap before
{Heap before GC invocations=20 (full 0):
 garbage-first heap   total 86016K, used 66739K [0x0000000081600000, 0x0000000100000000)
  region size 1024K, 35 young (35840K), 4 survivors (4096K)
 Metaspace       used 76117K, committed 76736K, reserved 1179648K
  class space    used 11103K, committed 11392K, reserved 1048576K
}
Event: 318.492 GC heap after
{Heap after GC invocations=21 (full 0):
 garbage-first heap   total 86016K, used 36358K [0x0000000081600000, 0x0000000100000000)
  region size 1024K, 2 young (2048K), 2 survivors (2048K)
 Metaspace       used 76117K, committed 76736K, reserved 1179648K
  class space    used 11103K, committed 11392K, reserved 1048576K
}
Event: 823.352 GC heap before
{Heap before GC invocations=22 (full 0):
 garbage-first heap   total 86016K, used 69126K [0x0000000081600000, 0x0000000100000000)
  region size 1024K, 34 young (34816K), 2 survivors (2048K)
 Metaspace       used 75775K, committed 76736K, reserved 1179648K
  class space    used 11028K, committed 11392K, reserved 1048576K
}
Event: 823.362 GC heap after
{Heap after GC invocations=23 (full 0):
 garbage-first heap   total 86016K, used 35765K [0x0000000081600000, 0x0000000100000000)
  region size 1024K, 2 young (2048K), 2 survivors (2048K)
 Metaspace       used 75775K, committed 76736K, reserved 1179648K
  class space    used 11028K, committed 11392K, reserved 1048576K
}
Event: 854.936 GC heap before
{Heap before GC invocations=23 (full 0):
 garbage-first heap   total 86016K, used 37813K [0x0000000081600000, 0x0000000100000000)
  region size 1024K, 4 young (4096K), 2 survivors (2048K)
 Metaspace       used 75775K, committed 76736K, reserved 1179648K
  class space    used 11028K, committed 11392K, reserved 1048576K
}
Event: 854.954 GC heap after
{Heap after GC invocations=24 (full 0):
 garbage-first heap   total 86016K, used 34468K [0x0000000081600000, 0x0000000100000000)
  region size 1024K, 1 young (1024K), 1 survivors (1024K)
 Metaspace       used 75775K, committed 76736K, reserved 1179648K
  class space    used 11028K, committed 11392K, reserved 1048576K
}
Event: 147062.948 GC heap before
{Heap before GC invocations=24 (full 0):
 garbage-first heap   total 86016K, used 70308K [0x0000000081600000, 0x0000000100000000)
  region size 1024K, 36 young (36864K), 1 survivors (1024K)
 Metaspace       used 75841K, committed 76800K, reserved 1179648K
  class space    used 11041K, committed 11456K, reserved 1048576K
}

